android/app/build/intermediates/manifest_merge_blame_file/release/manifest-merger-blame-release-report.txt
1<?xml version="1.0" encoding="utf-8"?>
2<manifest xmlns:android="http://schemas.android.com/apk/res/android"
3    package="com.appnotifications"
4    android:versionCode="1"
5    android:versionName="1.0" >
6
7    <uses-sdk
8        android:minSdkVersion="23"
9        android:targetSdkVersion="34" />
10
11    <uses-permission android:name="android.permission.INTERNET" />
11-->src\main\AndroidManifest.xml:3:5-67
11-->src\main\AndroidManifest.xml:3:22-64
12    <uses-permission android:name="android.permission.WRITE_EXTERNAL_STORAGE" />
12-->[:react-native-fs] AndroidManifest.xml:7:5-81
12-->[:react-native-fs] AndroidManifest.xml:7:22-78
13    <uses-permission android:name="android.permission.READ_EXTERNAL_STORAGE" /> <!-- Create a unique permission for your app and use it so only your app can receive your OneSignal messages. -->
14    <permission
14-->[com.onesignal:notifications:5.1.17] AndroidManifest.xml:10:5-12:47
15        android:name="com.appnotifications.permission.C2D_MESSAGE"
15-->[com.onesignal:notifications:5.1.17] AndroidManifest.xml:11:9-63
16        android:protectionLevel="signature" />
16-->[com.onesignal:notifications:5.1.17] AndroidManifest.xml:12:9-44
17
18    <uses-permission android:name="com.appnotifications.permission.C2D_MESSAGE" /> <!-- Required runtime permission to display notifications on Android 13 -->
18-->[com.onesignal:notifications:5.1.17] AndroidManifest.xml:14:5-79
18-->[com.onesignal:notifications:5.1.17] AndroidManifest.xml:14:22-76
19    <uses-permission android:name="android.permission.POST_NOTIFICATIONS" /> <!-- Required, makes sure notifications are delivered on time. -->
19-->[com.onesignal:notifications:5.1.17] AndroidManifest.xml:17:5-77
19-->[com.onesignal:notifications:5.1.17] AndroidManifest.xml:17:22-74
20    <uses-permission android:name="android.permission.WAKE_LOCK" /> <!-- c2dm RECEIVE are basic requirements for push messages through Google's FCM -->
20-->[com.onesignal:notifications:5.1.17] AndroidManifest.xml:18:5-68
20-->[com.onesignal:notifications:5.1.17] AndroidManifest.xml:18:22-65
21    <uses-permission android:name="com.google.android.c2dm.permission.RECEIVE" />
21-->[com.onesignal:notifications:5.1.17] AndroidManifest.xml:19:5-82
21-->[com.onesignal:notifications:5.1.17] AndroidManifest.xml:19:22-79
22    <!--
23 Required so the device vibrates on receiving a push notification.
24         Vibration settings of the device still apply.
25    -->
26    <uses-permission android:name="android.permission.VIBRATE" />
26-->[com.onesignal:notifications:5.1.17] AndroidManifest.xml:24:5-66
26-->[com.onesignal:notifications:5.1.17] AndroidManifest.xml:24:22-63
27    <!--
28 Use to restore notifications the user hasn't interacted with.
29     They could be missed notifications if the user reboots their device if this isn't in place.
30    -->
31    <uses-permission android:name="android.permission.RECEIVE_BOOT_COMPLETED" /> <!-- START: ShortcutBadger -->
31-->[com.onesignal:notifications:5.1.17] AndroidManifest.xml:29:5-81
31-->[com.onesignal:notifications:5.1.17] AndroidManifest.xml:29:22-78
32    <!-- Samsung -->
33    <uses-permission android:name="com.sec.android.provider.badge.permission.READ" />
33-->[com.onesignal:notifications:5.1.17] AndroidManifest.xml:31:5-86
33-->[com.onesignal:notifications:5.1.17] AndroidManifest.xml:31:22-83
34    <uses-permission android:name="com.sec.android.provider.badge.permission.WRITE" /> <!-- HTC -->
34-->[com.onesignal:notifications:5.1.17] AndroidManifest.xml:32:5-87
34-->[com.onesignal:notifications:5.1.17] AndroidManifest.xml:32:22-84
35    <uses-permission android:name="com.htc.launcher.permission.READ_SETTINGS" />
35-->[com.onesignal:notifications:5.1.17] AndroidManifest.xml:33:5-81
35-->[com.onesignal:notifications:5.1.17] AndroidManifest.xml:33:22-78
36    <uses-permission android:name="com.htc.launcher.permission.UPDATE_SHORTCUT" /> <!-- Sony -->
36-->[com.onesignal:notifications:5.1.17] AndroidManifest.xml:34:5-83
36-->[com.onesignal:notifications:5.1.17] AndroidManifest.xml:34:22-80
37    <uses-permission android:name="com.sonyericsson.home.permission.BROADCAST_BADGE" />
37-->[com.onesignal:notifications:5.1.17] AndroidManifest.xml:35:5-88
37-->[com.onesignal:notifications:5.1.17] AndroidManifest.xml:35:22-85
38    <uses-permission android:name="com.sonymobile.home.permission.PROVIDER_INSERT_BADGE" /> <!-- Apex -->
38-->[com.onesignal:notifications:5.1.17] AndroidManifest.xml:36:5-92
38-->[com.onesignal:notifications:5.1.17] AndroidManifest.xml:36:22-89
39    <uses-permission android:name="com.anddoes.launcher.permission.UPDATE_COUNT" /> <!-- Solid -->
39-->[com.onesignal:notifications:5.1.17] AndroidManifest.xml:37:5-84
39-->[com.onesignal:notifications:5.1.17] AndroidManifest.xml:37:22-81
40    <uses-permission android:name="com.majeur.launcher.permission.UPDATE_BADGE" /> <!-- Huawei -->
40-->[com.onesignal:notifications:5.1.17] AndroidManifest.xml:38:5-83
40-->[com.onesignal:notifications:5.1.17] AndroidManifest.xml:38:22-80
41    <uses-permission android:name="com.huawei.android.launcher.permission.CHANGE_BADGE" />
41-->[com.onesignal:notifications:5.1.17] AndroidManifest.xml:39:5-91
41-->[com.onesignal:notifications:5.1.17] AndroidManifest.xml:39:22-88
42    <uses-permission android:name="com.huawei.android.launcher.permission.READ_SETTINGS" />
42-->[com.onesignal:notifications:5.1.17] AndroidManifest.xml:40:5-92
42-->[com.onesignal:notifications:5.1.17] AndroidManifest.xml:40:22-89
43    <uses-permission android:name="com.huawei.android.launcher.permission.WRITE_SETTINGS" /> <!-- ZUK -->
43-->[com.onesignal:notifications:5.1.17] AndroidManifest.xml:41:5-93
43-->[com.onesignal:notifications:5.1.17] AndroidManifest.xml:41:22-90
44    <uses-permission android:name="android.permission.READ_APP_BADGE" /> <!-- OPPO -->
44-->[com.onesignal:notifications:5.1.17] AndroidManifest.xml:42:5-73
44-->[com.onesignal:notifications:5.1.17] AndroidManifest.xml:42:22-70
45    <uses-permission android:name="com.oppo.launcher.permission.READ_SETTINGS" />
45-->[com.onesignal:notifications:5.1.17] AndroidManifest.xml:43:5-82
45-->[com.onesignal:notifications:5.1.17] AndroidManifest.xml:43:22-79
46    <uses-permission android:name="com.oppo.launcher.permission.WRITE_SETTINGS" /> <!-- EvMe -->
46-->[com.onesignal:notifications:5.1.17] AndroidManifest.xml:44:5-83
46-->[com.onesignal:notifications:5.1.17] AndroidManifest.xml:44:22-80
47    <uses-permission android:name="me.everything.badger.permission.BADGE_COUNT_READ" />
47-->[com.onesignal:notifications:5.1.17] AndroidManifest.xml:45:5-88
47-->[com.onesignal:notifications:5.1.17] AndroidManifest.xml:45:22-85
48    <uses-permission android:name="me.everything.badger.permission.BADGE_COUNT_WRITE" />
48-->[com.onesignal:notifications:5.1.17] AndroidManifest.xml:46:5-89
48-->[com.onesignal:notifications:5.1.17] AndroidManifest.xml:46:22-86
49    <uses-permission android:name="android.permission.ACCESS_NETWORK_STATE" />
49-->[com.onesignal:core:5.1.17] AndroidManifest.xml:10:5-79
49-->[com.onesignal:core:5.1.17] AndroidManifest.xml:10:22-76
50    <uses-permission android:name="android.permission.FOREGROUND_SERVICE" />
50-->[androidx.work:work-runtime:2.8.1] AndroidManifest.xml:26:5-77
50-->[androidx.work:work-runtime:2.8.1] AndroidManifest.xml:26:22-74
51
52    <permission
52-->[androidx.core:core:1.9.0] AndroidManifest.xml:22:5-24:47
53        android:name="com.appnotifications.DYNAMIC_RECEIVER_NOT_EXPORTED_PERMISSION"
53-->[androidx.core:core:1.9.0] AndroidManifest.xml:23:9-81
54        android:protectionLevel="signature" />
54-->[androidx.core:core:1.9.0] AndroidManifest.xml:24:9-44
55
56    <uses-permission android:name="com.appnotifications.DYNAMIC_RECEIVER_NOT_EXPORTED_PERMISSION" /> <!-- <uses-permission android:name="android.permission.ACCESS_NETWORK_STATE" /> -->
56-->[androidx.core:core:1.9.0] AndroidManifest.xml:26:5-97
56-->[androidx.core:core:1.9.0] AndroidManifest.xml:26:22-94
57    <application
57-->src\main\AndroidManifest.xml:6:5-26:19
58        android:name="com.appnotifications.MainApplication"
58-->src\main\AndroidManifest.xml:8:7-38
59        android:allowBackup="false"
59-->src\main\AndroidManifest.xml:12:7-34
60        android:appComponentFactory="androidx.core.app.CoreComponentFactory"
60-->[androidx.core:core:1.9.0] AndroidManifest.xml:28:18-86
61        android:extractNativeLibs="false"
62        android:icon="@mipmap/ic_launcher"
62-->src\main\AndroidManifest.xml:10:7-41
63        android:label="@string/appnotifications"
63-->src\main\AndroidManifest.xml:9:7-47
64        android:networkSecurityConfig="@xml/network_security_config"
64-->src\main\AndroidManifest.xml:7:7-67
65        android:roundIcon="@mipmap/ic_launcher_round"
65-->src\main\AndroidManifest.xml:11:7-52
66        android:theme="@style/Theme.AppCompat.Light.NoActionBar" >
66-->src\main\AndroidManifest.xml:13:7-63
67        <activity
67-->src\main\AndroidManifest.xml:14:7-25:18
68            android:name="com.appnotifications.MainActivity"
68-->src\main\AndroidManifest.xml:15:9-37
69            android:configChanges="keyboard|keyboardHidden|orientation|screenLayout|screenSize|smallestScreenSize|uiMode"
69-->src\main\AndroidManifest.xml:17:9-118
70            android:exported="true"
70-->src\main\AndroidManifest.xml:20:9-32
71            android:label="@string/appnotifications"
71-->src\main\AndroidManifest.xml:16:9-49
72            android:launchMode="singleTask"
72-->src\main\AndroidManifest.xml:18:9-40
73            android:windowSoftInputMode="adjustResize" >
73-->src\main\AndroidManifest.xml:19:9-51
74            <intent-filter>
74-->src\main\AndroidManifest.xml:21:9-24:25
75                <action android:name="android.intent.action.MAIN" />
75-->src\main\AndroidManifest.xml:22:13-65
75-->src\main\AndroidManifest.xml:22:21-62
76
77                <category android:name="android.intent.category.LAUNCHER" />
77-->src\main\AndroidManifest.xml:23:13-73
77-->src\main\AndroidManifest.xml:23:23-70
78            </intent-filter>
79        </activity>
80
81        <provider
81-->[:react-native-file-viewer] AndroidManifest.xml:8:9-16:20
82            android:name="com.vinzscam.reactnativefileviewer.FileProvider"
82-->[:react-native-file-viewer] AndroidManifest.xml:9:13-75
83            android:authorities="com.appnotifications.provider"
83-->[:react-native-file-viewer] AndroidManifest.xml:10:13-60
84            android:exported="false"
84-->[:react-native-file-viewer] AndroidManifest.xml:11:13-37
85            android:grantUriPermissions="true" >
85-->[:react-native-file-viewer] AndroidManifest.xml:12:13-47
86            <meta-data
86-->[:react-native-file-viewer] AndroidManifest.xml:13:13-15:70
87                android:name="android.support.FILE_PROVIDER_PATHS"
87-->[:react-native-file-viewer] AndroidManifest.xml:14:17-67
88                android:resource="@xml/file_viewer_provider_paths" />
88-->[:react-native-file-viewer] AndroidManifest.xml:15:17-67
89        </provider>
90
91        <receiver
91-->[com.onesignal:notifications:5.1.17] AndroidManifest.xml:49:9-60:20
92            android:name="com.onesignal.notifications.receivers.FCMBroadcastReceiver"
92-->[com.onesignal:notifications:5.1.17] AndroidManifest.xml:50:13-86
93            android:exported="true"
93-->[com.onesignal:notifications:5.1.17] AndroidManifest.xml:51:13-36
94            android:permission="com.google.android.c2dm.permission.SEND" >
94-->[com.onesignal:notifications:5.1.17] AndroidManifest.xml:52:13-73
95
96            <!-- High priority so OneSignal payloads can be filtered from other FCM receivers -->
97            <intent-filter android:priority="999" >
97-->[com.onesignal:notifications:5.1.17] AndroidManifest.xml:55:13-59:29
97-->[com.onesignal:notifications:5.1.17] AndroidManifest.xml:55:28-50
98                <action android:name="com.google.android.c2dm.intent.RECEIVE" />
98-->[com.onesignal:notifications:5.1.17] AndroidManifest.xml:56:17-81
98-->[com.onesignal:notifications:5.1.17] AndroidManifest.xml:56:25-78
99
100                <category android:name="com.appnotifications" />
100-->[com.onesignal:notifications:5.1.17] AndroidManifest.xml:58:17-61
100-->[com.onesignal:notifications:5.1.17] AndroidManifest.xml:58:27-58
101            </intent-filter>
102        </receiver>
103
104        <service
104-->[com.onesignal:notifications:5.1.17] AndroidManifest.xml:62:9-68:19
105            android:name="com.onesignal.notifications.services.HmsMessageServiceOneSignal"
105-->[com.onesignal:notifications:5.1.17] AndroidManifest.xml:63:13-91
106            android:exported="false" >
106-->[com.onesignal:notifications:5.1.17] AndroidManifest.xml:64:13-37
107            <intent-filter>
107-->[com.onesignal:notifications:5.1.17] AndroidManifest.xml:65:13-67:29
108                <action android:name="com.huawei.push.action.MESSAGING_EVENT" />
108-->[com.onesignal:notifications:5.1.17] AndroidManifest.xml:66:17-81
108-->[com.onesignal:notifications:5.1.17] AndroidManifest.xml:66:25-78
109            </intent-filter>
110        </service>
111
112        <activity
112-->[com.onesignal:notifications:5.1.17] AndroidManifest.xml:70:9-78:20
113            android:name="com.onesignal.notifications.activities.NotificationOpenedActivityHMS"
113-->[com.onesignal:notifications:5.1.17] AndroidManifest.xml:71:13-96
114            android:exported="true"
114-->[com.onesignal:notifications:5.1.17] AndroidManifest.xml:72:13-36
115            android:noHistory="true"
115-->[com.onesignal:notifications:5.1.17] AndroidManifest.xml:73:13-37
116            android:theme="@android:style/Theme.Translucent.NoTitleBar" >
116-->[com.onesignal:notifications:5.1.17] AndroidManifest.xml:74:13-72
117            <intent-filter>
117-->[com.onesignal:notifications:5.1.17] AndroidManifest.xml:75:13-77:29
118                <action android:name="android.intent.action.VIEW" />
118-->[com.onesignal:notifications:5.1.17] AndroidManifest.xml:76:17-69
118-->[com.onesignal:notifications:5.1.17] AndroidManifest.xml:76:25-66
119            </intent-filter>
120        </activity>
121
122        <receiver
122-->[com.onesignal:notifications:5.1.17] AndroidManifest.xml:80:9-82:39
123            android:name="com.onesignal.notifications.receivers.NotificationDismissReceiver"
123-->[com.onesignal:notifications:5.1.17] AndroidManifest.xml:81:13-93
124            android:exported="true" />
124-->[com.onesignal:notifications:5.1.17] AndroidManifest.xml:82:13-36
125        <receiver
125-->[com.onesignal:notifications:5.1.17] AndroidManifest.xml:83:9-90:20
126            android:name="com.onesignal.notifications.receivers.BootUpReceiver"
126-->[com.onesignal:notifications:5.1.17] AndroidManifest.xml:84:13-80
127            android:exported="true" >
127-->[com.onesignal:notifications:5.1.17] AndroidManifest.xml:85:13-36
128            <intent-filter>
128-->[com.onesignal:notifications:5.1.17] AndroidManifest.xml:86:13-89:29
129                <action android:name="android.intent.action.BOOT_COMPLETED" />
129-->[com.onesignal:notifications:5.1.17] AndroidManifest.xml:87:17-79
129-->[com.onesignal:notifications:5.1.17] AndroidManifest.xml:87:25-76
130                <action android:name="android.intent.action.QUICKBOOT_POWERON" />
130-->[com.onesignal:notifications:5.1.17] AndroidManifest.xml:88:17-82
130-->[com.onesignal:notifications:5.1.17] AndroidManifest.xml:88:25-79
131            </intent-filter>
132        </receiver>
133        <receiver
133-->[com.onesignal:notifications:5.1.17] AndroidManifest.xml:91:9-97:20
134            android:name="com.onesignal.notifications.receivers.UpgradeReceiver"
134-->[com.onesignal:notifications:5.1.17] AndroidManifest.xml:92:13-81
135            android:exported="true" >
135-->[com.onesignal:notifications:5.1.17] AndroidManifest.xml:93:13-36
136            <intent-filter>
136-->[com.onesignal:notifications:5.1.17] AndroidManifest.xml:94:13-96:29
137                <action android:name="android.intent.action.MY_PACKAGE_REPLACED" />
137-->[com.onesignal:notifications:5.1.17] AndroidManifest.xml:95:17-84
137-->[com.onesignal:notifications:5.1.17] AndroidManifest.xml:95:25-81
138            </intent-filter>
139        </receiver>
140
141        <activity
141-->[com.onesignal:notifications:5.1.17] AndroidManifest.xml:99:9-105:75
142            android:name="com.onesignal.notifications.activities.NotificationOpenedActivity"
142-->[com.onesignal:notifications:5.1.17] AndroidManifest.xml:100:13-93
143            android:excludeFromRecents="true"
143-->[com.onesignal:notifications:5.1.17] AndroidManifest.xml:101:13-46
144            android:exported="true"
144-->[com.onesignal:notifications:5.1.17] AndroidManifest.xml:102:13-36
145            android:noHistory="true"
145-->[com.onesignal:notifications:5.1.17] AndroidManifest.xml:103:13-37
146            android:taskAffinity=""
146-->[com.onesignal:notifications:5.1.17] AndroidManifest.xml:104:13-36
147            android:theme="@android:style/Theme.Translucent.NoTitleBar" />
147-->[com.onesignal:notifications:5.1.17] AndroidManifest.xml:105:13-72
148        <activity
148-->[com.onesignal:notifications:5.1.17] AndroidManifest.xml:106:9-111:75
149            android:name="com.onesignal.notifications.activities.NotificationOpenedActivityAndroid22AndOlder"
149-->[com.onesignal:notifications:5.1.17] AndroidManifest.xml:107:13-110
150            android:excludeFromRecents="true"
150-->[com.onesignal:notifications:5.1.17] AndroidManifest.xml:108:13-46
151            android:exported="true"
151-->[com.onesignal:notifications:5.1.17] AndroidManifest.xml:109:13-36
152            android:noHistory="true"
152-->[com.onesignal:notifications:5.1.17] AndroidManifest.xml:110:13-37
153            android:theme="@android:style/Theme.Translucent.NoTitleBar" />
153-->[com.onesignal:notifications:5.1.17] AndroidManifest.xml:111:13-72
154
155        <service
155-->[com.onesignal:core:5.1.17] AndroidManifest.xml:13:9-16:43
156            android:name="com.onesignal.core.services.SyncService"
156-->[com.onesignal:core:5.1.17] AndroidManifest.xml:14:13-67
157            android:exported="false"
157-->[com.onesignal:core:5.1.17] AndroidManifest.xml:15:13-37
158            android:stopWithTask="true" />
158-->[com.onesignal:core:5.1.17] AndroidManifest.xml:16:13-40
159        <service
159-->[com.onesignal:core:5.1.17] AndroidManifest.xml:17:9-20:72
160            android:name="com.onesignal.core.services.SyncJobService"
160-->[com.onesignal:core:5.1.17] AndroidManifest.xml:18:13-70
161            android:exported="false"
161-->[com.onesignal:core:5.1.17] AndroidManifest.xml:19:13-37
162            android:permission="android.permission.BIND_JOB_SERVICE" />
162-->[com.onesignal:core:5.1.17] AndroidManifest.xml:20:13-69
163
164        <activity
164-->[com.onesignal:core:5.1.17] AndroidManifest.xml:22:9-25:75
165            android:name="com.onesignal.core.activities.PermissionsActivity"
165-->[com.onesignal:core:5.1.17] AndroidManifest.xml:23:13-77
166            android:exported="false"
166-->[com.onesignal:core:5.1.17] AndroidManifest.xml:24:13-37
167            android:theme="@android:style/Theme.Translucent.NoTitleBar" />
167-->[com.onesignal:core:5.1.17] AndroidManifest.xml:25:13-72
168
169        <receiver
169-->[com.google.firebase:firebase-messaging:21.1.0] AndroidManifest.xml:28:9-35:20
170            android:name="com.google.firebase.iid.FirebaseInstanceIdReceiver"
170-->[com.google.firebase:firebase-messaging:21.1.0] AndroidManifest.xml:29:13-78
171            android:exported="true"
171-->[com.google.firebase:firebase-messaging:21.1.0] AndroidManifest.xml:30:13-36
172            android:permission="com.google.android.c2dm.permission.SEND" >
172-->[com.google.firebase:firebase-messaging:21.1.0] AndroidManifest.xml:31:13-73
173            <intent-filter>
173-->[com.google.firebase:firebase-messaging:21.1.0] AndroidManifest.xml:32:13-34:29
174                <action android:name="com.google.android.c2dm.intent.RECEIVE" />
174-->[com.onesignal:notifications:5.1.17] AndroidManifest.xml:56:17-81
174-->[com.onesignal:notifications:5.1.17] AndroidManifest.xml:56:25-78
175            </intent-filter>
176        </receiver>
177        <!--
178             FirebaseMessagingService performs security checks at runtime,
179             but set to not exported to explicitly avoid allowing another app to call it.
180        -->
181        <service
181-->[com.google.firebase:firebase-messaging:21.1.0] AndroidManifest.xml:41:9-48:19
182            android:name="com.google.firebase.messaging.FirebaseMessagingService"
182-->[com.google.firebase:firebase-messaging:21.1.0] AndroidManifest.xml:42:13-82
183            android:directBootAware="true"
183-->[com.google.firebase:firebase-messaging:21.1.0] AndroidManifest.xml:43:13-43
184            android:exported="false" >
184-->[com.google.firebase:firebase-messaging:21.1.0] AndroidManifest.xml:44:13-37
185            <intent-filter android:priority="-500" >
185-->[com.google.firebase:firebase-messaging:21.1.0] AndroidManifest.xml:45:13-47:29
185-->[com.google.firebase:firebase-messaging:21.1.0] AndroidManifest.xml:45:28-51
186                <action android:name="com.google.firebase.MESSAGING_EVENT" />
186-->[com.google.firebase:firebase-messaging:21.1.0] AndroidManifest.xml:46:17-78
186-->[com.google.firebase:firebase-messaging:21.1.0] AndroidManifest.xml:46:25-75
187            </intent-filter>
188        </service>
189        <service
189-->[com.google.firebase:firebase-messaging:21.1.0] AndroidManifest.xml:49:9-55:19
190            android:name="com.google.firebase.components.ComponentDiscoveryService"
190-->[com.google.firebase:firebase-messaging:21.1.0] AndroidManifest.xml:50:13-84
191            android:directBootAware="true"
191-->[com.google.firebase:firebase-common:19.5.0] AndroidManifest.xml:35:13-43
192            android:exported="false" >
192-->[com.google.firebase:firebase-messaging:21.1.0] AndroidManifest.xml:51:13-37
193            <meta-data
193-->[com.google.firebase:firebase-messaging:21.1.0] AndroidManifest.xml:52:13-54:85
194                android:name="com.google.firebase.components:com.google.firebase.messaging.FirebaseMessagingRegistrar"
194-->[com.google.firebase:firebase-messaging:21.1.0] AndroidManifest.xml:53:17-119
195                android:value="com.google.firebase.components.ComponentRegistrar" />
195-->[com.google.firebase:firebase-messaging:21.1.0] AndroidManifest.xml:54:17-82
196            <meta-data
196-->[com.google.firebase:firebase-iid:21.1.0] AndroidManifest.xml:32:13-34:85
197                android:name="com.google.firebase.components:com.google.firebase.iid.Registrar"
197-->[com.google.firebase:firebase-iid:21.1.0] AndroidManifest.xml:33:17-96
198                android:value="com.google.firebase.components.ComponentRegistrar" />
198-->[com.google.firebase:firebase-iid:21.1.0] AndroidManifest.xml:34:17-82
199            <meta-data
199-->[com.google.firebase:firebase-datatransport:17.0.10] AndroidManifest.xml:28:13-30:85
200                android:name="com.google.firebase.components:com.google.firebase.datatransport.TransportRegistrar"
200-->[com.google.firebase:firebase-datatransport:17.0.10] AndroidManifest.xml:29:17-115
201                android:value="com.google.firebase.components.ComponentRegistrar" />
201-->[com.google.firebase:firebase-datatransport:17.0.10] AndroidManifest.xml:30:17-82
202            <meta-data
202-->[com.google.firebase:firebase-installations:16.3.5] AndroidManifest.xml:18:13-20:85
203                android:name="com.google.firebase.components:com.google.firebase.installations.FirebaseInstallationsRegistrar"
203-->[com.google.firebase:firebase-installations:16.3.5] AndroidManifest.xml:19:17-127
204                android:value="com.google.firebase.components.ComponentRegistrar" />
204-->[com.google.firebase:firebase-installations:16.3.5] AndroidManifest.xml:20:17-82
205            <!--
206                This registrar is not defined in the dynamic-module-support sdk itself to allow non-firebase
207                clients to use it as well, by defining this registrar in their own core/common library.
208            -->
209            <meta-data
209-->[com.google.firebase:firebase-common:19.5.0] AndroidManifest.xml:43:13-45:85
210                android:name="com.google.firebase.components:com.google.firebase.dynamicloading.DynamicLoadingRegistrar"
210-->[com.google.firebase:firebase-common:19.5.0] AndroidManifest.xml:44:17-121
211                android:value="com.google.firebase.components.ComponentRegistrar" />
211-->[com.google.firebase:firebase-common:19.5.0] AndroidManifest.xml:45:17-82
212        </service>
213
214        <provider
214-->[com.google.firebase:firebase-common:19.5.0] AndroidManifest.xml:26:9-31:39
215            android:name="com.google.firebase.provider.FirebaseInitProvider"
215-->[com.google.firebase:firebase-common:19.5.0] AndroidManifest.xml:27:13-77
216            android:authorities="com.appnotifications.firebaseinitprovider"
216-->[com.google.firebase:firebase-common:19.5.0] AndroidManifest.xml:28:13-72
217            android:directBootAware="true"
217-->[com.google.firebase:firebase-common:19.5.0] AndroidManifest.xml:29:13-43
218            android:exported="false"
218-->[com.google.firebase:firebase-common:19.5.0] AndroidManifest.xml:30:13-37
219            android:initOrder="100" />
219-->[com.google.firebase:firebase-common:19.5.0] AndroidManifest.xml:31:13-36
220
221        <meta-data
221-->[com.google.android.gms:play-services-basement:17.0.0] AndroidManifest.xml:23:9-25:69
222            android:name="com.google.android.gms.version"
222-->[com.google.android.gms:play-services-basement:17.0.0] AndroidManifest.xml:24:13-58
223            android:value="@integer/google_play_services_version" />
223-->[com.google.android.gms:play-services-basement:17.0.0] AndroidManifest.xml:25:13-66
224
225        <provider
225-->[androidx.work:work-runtime:2.8.1] AndroidManifest.xml:29:9-37:20
226            android:name="androidx.startup.InitializationProvider"
226-->[androidx.work:work-runtime:2.8.1] AndroidManifest.xml:30:13-67
227            android:authorities="com.appnotifications.androidx-startup"
227-->[androidx.work:work-runtime:2.8.1] AndroidManifest.xml:31:13-68
228            android:exported="false" >
228-->[androidx.work:work-runtime:2.8.1] AndroidManifest.xml:32:13-37
229            <meta-data
229-->[androidx.work:work-runtime:2.8.1] AndroidManifest.xml:34:13-36:52
230                android:name="androidx.work.WorkManagerInitializer"
230-->[androidx.work:work-runtime:2.8.1] AndroidManifest.xml:35:17-68
231                android:value="androidx.startup" />
231-->[androidx.work:work-runtime:2.8.1] AndroidManifest.xml:36:17-49
232            <meta-data
232-->[androidx.emoji2:emoji2:1.2.0] AndroidManifest.xml:29:13-31:52
233                android:name="androidx.emoji2.text.EmojiCompatInitializer"
233-->[androidx.emoji2:emoji2:1.2.0] AndroidManifest.xml:30:17-75
234                android:value="androidx.startup" />
234-->[androidx.emoji2:emoji2:1.2.0] AndroidManifest.xml:31:17-49
235            <meta-data
235-->[androidx.lifecycle:lifecycle-process:2.4.1] AndroidManifest.xml:31:13-33:52
236                android:name="androidx.lifecycle.ProcessLifecycleInitializer"
236-->[androidx.lifecycle:lifecycle-process:2.4.1] AndroidManifest.xml:32:17-78
237                android:value="androidx.startup" />
237-->[androidx.lifecycle:lifecycle-process:2.4.1] AndroidManifest.xml:33:17-49
238        </provider>
239
240        <service
240-->[androidx.work:work-runtime:2.8.1] AndroidManifest.xml:39:9-45:35
241            android:name="androidx.work.impl.background.systemalarm.SystemAlarmService"
241-->[androidx.work:work-runtime:2.8.1] AndroidManifest.xml:40:13-88
242            android:directBootAware="false"
242-->[androidx.work:work-runtime:2.8.1] AndroidManifest.xml:41:13-44
243            android:enabled="@bool/enable_system_alarm_service_default"
243-->[androidx.work:work-runtime:2.8.1] AndroidManifest.xml:42:13-72
244            android:exported="false" />
244-->[androidx.work:work-runtime:2.8.1] AndroidManifest.xml:43:13-37
245        <service
245-->[androidx.work:work-runtime:2.8.1] AndroidManifest.xml:46:9-52:35
246            android:name="androidx.work.impl.background.systemjob.SystemJobService"
246-->[androidx.work:work-runtime:2.8.1] AndroidManifest.xml:47:13-84
247            android:directBootAware="false"
247-->[androidx.work:work-runtime:2.8.1] AndroidManifest.xml:48:13-44
248            android:enabled="@bool/enable_system_job_service_default"
248-->[androidx.work:work-runtime:2.8.1] AndroidManifest.xml:49:13-70
249            android:exported="true"
249-->[androidx.work:work-runtime:2.8.1] AndroidManifest.xml:50:13-36
250            android:permission="android.permission.BIND_JOB_SERVICE" />
250-->[androidx.work:work-runtime:2.8.1] AndroidManifest.xml:51:13-69
251        <service
251-->[androidx.work:work-runtime:2.8.1] AndroidManifest.xml:53:9-59:35
252            android:name="androidx.work.impl.foreground.SystemForegroundService"
252-->[androidx.work:work-runtime:2.8.1] AndroidManifest.xml:54:13-81
253            android:directBootAware="false"
253-->[androidx.work:work-runtime:2.8.1] AndroidManifest.xml:55:13-44
254            android:enabled="@bool/enable_system_foreground_service_default"
254-->[androidx.work:work-runtime:2.8.1] AndroidManifest.xml:56:13-77
255            android:exported="false" />
255-->[androidx.work:work-runtime:2.8.1] AndroidManifest.xml:57:13-37
256
257        <receiver
257-->[androidx.work:work-runtime:2.8.1] AndroidManifest.xml:61:9-66:35
258            android:name="androidx.work.impl.utils.ForceStopRunnable$BroadcastReceiver"
258-->[androidx.work:work-runtime:2.8.1] AndroidManifest.xml:62:13-88
259            android:directBootAware="false"
259-->[androidx.work:work-runtime:2.8.1] AndroidManifest.xml:63:13-44
260            android:enabled="true"